[backblue.gif]
[fade.gif]
[index.html]
[external.html]
[cdnjs.cloudflare.com/ajax/libs/limonte-sweetalert2/7.0.9/sweetalert2.css]
[obanksimulator.ngpf.org/js/modernizr.custom.97554.js]
[obanksimulator.ngpf.org/images/NGPF-logo.png]
[obanksimulator.ngpf.org/images/register-icon.png]
[obanksimulator.ngpf.org/images/work-icon01.png]
[obanksimulator.ngpf.org/images/work-icon02.png]
[obanksimulator.ngpf.org/images/work-icon03.png]
[obanksimulator.ngpf.org/images/work-icon04.png]
[obanksimulator.ngpf.org/js/jquery-1.11.3.min.js]
[obanksimulator.ngpf.org/js/bootstrap.min.js]
[cdnjs.cloudflare.com/ajax/libs/select2/4.0.5/js/select2.min.js]
[obanksimulator.ngpf.org/js/jquery.matchHeight.js]
[obanksimulator.ngpf.org/js/customjs.js]
[obanksimulator.ngpf.org/index.html]
[obanksimulator.ngpf.org/administrator/plugins/iCheck/icheck.min.js]
[cdnjs.cloudflare.com/ajax/libs/limonte-sweetalert2/7.0.9/sweetalert2.js]
[obanksimulator.ngpf.org/fonts/fontawesome-webfont3e6e.eot]
[obanksimulator.ngpf.org/fonts/fontawesome-webfontd41d.eot]
[obanksimulator.ngpf.org/fonts/fontawesome-webfont3e6e.woff2]
[obanksimulator.ngpf.org/fonts/fontawesome-webfont3e6e.woff]
[obanksimulator.ngpf.org/fonts/fontawesome-webfont3e6e.ttf]
[obanksimulator.ngpf.org/css/font-awesome.css]
[obanksimulator.ngpf.org/css/select2.css]
[obanksimulator.ngpf.org/css/bootstrap.min.css]
[obanksimulator.ngpf.org/css/mainstyle.css]
[obanksimulator.ngpf.org/css/responsive.css]
[obanksimulator.ngpf.org/administrator/plugins/iCheck/minimal/orange.css]
[cdnjs.cloudflare.com/ajax/libs/limonte-sweetalert2/7.0.9/sweetalert2.css]
[obanksimulator.ngpf.org/register.html]
